<?xml version="1.0" encoding="UTF-8"?>
<!-- Generated by org.testng.reporters.JUnitReportReporter -->
<testsuite hostname="Gloify" failures="0" tests="1" name="com.facebookmessenger.messenger.TestMessenger" time="66.734" errors="0" timestamp="2023-04-12T10:56:31 IST" skipped="0">
  <testcase classname="com.facebookmessenger.messenger.TestMessenger" name="testMsg" time="66.734"/>
  <system-out/>
</testsuite> <!-- com.facebookmessenger.messenger.TestMessenger -->
