<?xml version="1.0" encoding="UTF-8"?>
<!-- Generated by org.testng.reporters.JUnitReportReporter -->
<testsuite hostname="Gloify-QA" failures="0" tests="1" name="com.facebookmessenger.messenger.TestMessenger" time="69.698" errors="0" timestamp="2023-04-14T14:49:59 IST" skipped="0">
  <testcase classname="com.facebookmessenger.messenger.TestMessenger" name="testMsg" time="69.698"/>
  <system-out/>
</testsuite> <!-- com.facebookmessenger.messenger.TestMessenger -->
